GowinSynthesis start
Running parser ...
Analyzing Verilog file 'C:\Users\Pavel\Desktop\Leti\FPGA\lab_2\src\pwm_button.v'
Compiling module 'test'("C:\Users\Pavel\Desktop\Leti\FPGA\lab_2\src\pwm_button.v":42)
Compiling module 'frequency_divider'("C:\Users\Pavel\Desktop\Leti\FPGA\lab_2\src\pwm_button.v":1)
WARN  (EX3791) : Expression size 29 truncated to fit in target size 28("C:\Users\Pavel\Desktop\Leti\FPGA\lab_2\src\pwm_button.v":8)
Compiling module 'pwm_button'("C:\Users\Pavel\Desktop\Leti\FPGA\lab_2\src\pwm_button.v":16)
WARN  (EX3791) : Expression size 9 truncated to fit in target size 8("C:\Users\Pavel\Desktop\Leti\FPGA\lab_2\src\pwm_button.v":28)
WARN  (EX3791) : Expression size 9 truncated to fit in target size 8("C:\Users\Pavel\Desktop\Leti\FPGA\lab_2\src\pwm_button.v":37)
NOTE  (EX0101) : Current top module is "test"
[5%] Running netlist conversion ...
Running device independent optimization ...
[10%] Optimizing Phase 0 completed
[15%] Optimizing Phase 1 completed
[25%] Optimizing Phase 2 completed
Running inference ...
[30%] Inferring Phase 0 completed
[40%] Inferring Phase 1 completed
[50%] Inferring Phase 2 completed
[55%] Inferring Phase 3 completed
Running technical mapping ...
[60%] Tech-Mapping Phase 0 completed
[65%] Tech-Mapping Phase 1 completed
[75%] Tech-Mapping Phase 2 completed
[80%] Tech-Mapping Phase 3 completed
[90%] Tech-Mapping Phase 4 completed
[95%] Generate netlist file "C:\Users\Pavel\Desktop\Leti\FPGA\lab_2\impl\gwsynthesis\lab_2.vg" completed
[100%] Generate report file "C:\Users\Pavel\Desktop\Leti\FPGA\lab_2\impl\gwsynthesis\lab_2_syn.rpt.html" completed
GowinSynthesis finish
